2022-07-01 11:22:08,831 - Log4JLogChute initialized using file 'velocity.log'
2022-07-01 11:22:08,831 - Initializing Velocity, Calling init()...
2022-07-01 11:22:08,831 - Starting Apache Velocity v1.7 (compiled: 2010-11-19 12:14:37)
2022-07-01 11:22:08,832 - Default Properties File: org\apache\velocity\runtime\defaults\velocity.properties
2022-07-01 11:22:08,832 - Trying to use logger class org.apache.velocity.runtime.log.AvalonLogChute
2022-07-01 11:22:08,832 - Target log system for org.apache.velocity.runtime.log.AvalonLogChute is not available (java.lang.NoClassDefFoundError: org/apache/log/format/Formatter).  Falling back to next log system...
2022-07-01 11:22:08,832 - Trying to use logger class org.apache.velocity.runtime.log.Log4JLogChute
2022-07-01 11:22:08,832 - Using logger class org.apache.velocity.runtime.log.Log4JLogChute
2022-07-01 11:22:08,835 - ResourceLoader instantiated: org.apache.velocity.runtime.resource.loader.ClasspathResourceLoader
2022-07-01 11:22:08,892 - ResourceCache: initialized (class org.apache.velocity.runtime.resource.ResourceCacheImpl) with class java.util.Collections$SynchronizedMap cache map.
2022-07-01 11:22:08,893 - Loaded System Directive: org.apache.velocity.runtime.directive.Stop
2022-07-01 11:22:08,893 - Loaded System Directive: org.apache.velocity.runtime.directive.Define
2022-07-01 11:22:08,894 - Loaded System Directive: org.apache.velocity.runtime.directive.Break
2022-07-01 11:22:08,894 - Loaded System Directive: org.apache.velocity.runtime.directive.Evaluate
2022-07-01 11:22:08,895 - Loaded System Directive: org.apache.velocity.runtime.directive.Literal
2022-07-01 11:22:08,895 - Loaded System Directive: org.apache.velocity.runtime.directive.Macro
2022-07-01 11:22:08,896 - Loaded System Directive: org.apache.velocity.runtime.directive.Parse
2022-07-01 11:22:08,897 - Loaded System Directive: org.apache.velocity.runtime.directive.Include
2022-07-01 11:22:08,898 - Loaded System Directive: org.apache.velocity.runtime.directive.Foreach
2022-07-01 11:22:08,962 - Created '20' parsers.
2022-07-01 11:22:08,966 - Velocimacro : "velocimacro.library" is not set.  Trying default library: VM_global_library.vm
2022-07-01 11:22:08,966 - Could not load resource 'VM_global_library.vm' from ResourceLoader org.apache.velocity.runtime.resource.loader.ClasspathResourceLoader: ClasspathResourceLoader Error: cannot find resource VM_global_library.vm
2022-07-01 11:22:08,966 - Velocimacro : Default library not found.
2022-07-01 11:22:08,966 - Velocimacro : allowInline = true : VMs can be defined inline in templates
2022-07-01 11:22:08,966 - Velocimacro : allowInlineToOverride = false : VMs defined inline may NOT replace previous VM definitions
2022-07-01 11:22:08,966 - Velocimacro : allowInlineLocal = false : VMs defined inline will be global in scope if allowed.
2022-07-01 11:22:08,966 - Velocimacro : autoload off : VM system will not automatically reload global library macros
2022-07-01 11:22:08,987 - ResourceManager : found /templates/entity.java.vm with loader org.apache.velocity.runtime.resource.loader.ClasspathResourceLoader
2022-07-01 11:22:08,996 - Left side (${versionFieldName}) of '==' operation has null value. If it is a reference, it may not be in the context or its toString() returned null. /templates/entity.java.vm[line 90, column 26]
2022-07-01 11:22:08,996 - Left side (${logicDeleteFieldName}) of '==' operation has null value. If it is a reference, it may not be in the context or its toString() returned null. /templates/entity.java.vm[line 94, column 30]
2022-07-01 11:22:08,996 - Left side (${versionFieldName}) of '==' operation has null value. If it is a reference, it may not be in the context or its toString() returned null. /templates/entity.java.vm[line 90, column 26]
2022-07-01 11:22:08,996 - Left side (${logicDeleteFieldName}) of '==' operation has null value. If it is a reference, it may not be in the context or its toString() returned null. /templates/entity.java.vm[line 94, column 30]
2022-07-01 11:22:08,996 - Left side (${versionFieldName}) of '==' operation has null value. If it is a reference, it may not be in the context or its toString() returned null. /templates/entity.java.vm[line 90, column 26]
2022-07-01 11:22:08,996 - Left side (${logicDeleteFieldName}) of '==' operation has null value. If it is a reference, it may not be in the context or its toString() returned null. /templates/entity.java.vm[line 94, column 30]
2022-07-01 11:22:08,996 - Left side (${versionFieldName}) of '==' operation has null value. If it is a reference, it may not be in the context or its toString() returned null. /templates/entity.java.vm[line 90, column 26]
2022-07-01 11:22:08,996 - Left side (${logicDeleteFieldName}) of '==' operation has null value. If it is a reference, it may not be in the context or its toString() returned null. /templates/entity.java.vm[line 94, column 30]
2022-07-01 11:22:08,996 - Left side (${versionFieldName}) of '==' operation has null value. If it is a reference, it may not be in the context or its toString() returned null. /templates/entity.java.vm[line 90, column 26]
2022-07-01 11:22:08,996 - Left side (${logicDeleteFieldName}) of '==' operation has null value. If it is a reference, it may not be in the context or its toString() returned null. /templates/entity.java.vm[line 94, column 30]
2022-07-01 11:22:09,013 - ResourceManager : found /templates/mapper.java.vm with loader org.apache.velocity.runtime.resource.loader.ClasspathResourceLoader
2022-07-01 11:22:09,029 - ResourceManager : found /templates/mapper.xml.vm with loader org.apache.velocity.runtime.resource.loader.ClasspathResourceLoader
2022-07-01 11:22:09,032 - ResourceManager : found /templates/service.java.vm with loader org.apache.velocity.runtime.resource.loader.ClasspathResourceLoader
2022-07-01 11:22:09,034 - ResourceManager : found /templates/serviceImpl.java.vm with loader org.apache.velocity.runtime.resource.loader.ClasspathResourceLoader
2022-07-01 11:22:09,036 - ResourceManager : found /templates/controller.java.vm with loader org.apache.velocity.runtime.resource.loader.ClasspathResourceLoader
2022-07-01 11:26:11,597 - Log4JLogChute initialized using file 'velocity.log'
2022-07-01 11:26:11,598 - Initializing Velocity, Calling init()...
2022-07-01 11:26:11,598 - Starting Apache Velocity v1.7 (compiled: 2010-11-19 12:14:37)
2022-07-01 11:26:11,598 - Default Properties File: org\apache\velocity\runtime\defaults\velocity.properties
2022-07-01 11:26:11,598 - Trying to use logger class org.apache.velocity.runtime.log.AvalonLogChute
2022-07-01 11:26:11,598 - Target log system for org.apache.velocity.runtime.log.AvalonLogChute is not available (java.lang.NoClassDefFoundError: org/apache/log/format/Formatter).  Falling back to next log system...
2022-07-01 11:26:11,598 - Trying to use logger class org.apache.velocity.runtime.log.Log4JLogChute
2022-07-01 11:26:11,598 - Using logger class org.apache.velocity.runtime.log.Log4JLogChute
2022-07-01 11:26:11,600 - ResourceLoader instantiated: org.apache.velocity.runtime.resource.loader.ClasspathResourceLoader
2022-07-01 11:26:11,610 - ResourceCache: initialized (class org.apache.velocity.runtime.resource.ResourceCacheImpl) with class java.util.Collections$SynchronizedMap cache map.
2022-07-01 11:26:11,611 - Loaded System Directive: org.apache.velocity.runtime.directive.Stop
2022-07-01 11:26:11,612 - Loaded System Directive: org.apache.velocity.runtime.directive.Define
2022-07-01 11:26:11,612 - Loaded System Directive: org.apache.velocity.runtime.directive.Break
2022-07-01 11:26:11,613 - Loaded System Directive: org.apache.velocity.runtime.directive.Evaluate
2022-07-01 11:26:11,613 - Loaded System Directive: org.apache.velocity.runtime.directive.Literal
2022-07-01 11:26:11,614 - Loaded System Directive: org.apache.velocity.runtime.directive.Macro
2022-07-01 11:26:11,615 - Loaded System Directive: org.apache.velocity.runtime.directive.Parse
2022-07-01 11:26:11,616 - Loaded System Directive: org.apache.velocity.runtime.directive.Include
2022-07-01 11:26:11,616 - Loaded System Directive: org.apache.velocity.runtime.directive.Foreach
2022-07-01 11:26:11,639 - Created '20' parsers.
2022-07-01 11:26:11,643 - Velocimacro : "velocimacro.library" is not set.  Trying default library: VM_global_library.vm
2022-07-01 11:26:11,643 - Could not load resource 'VM_global_library.vm' from ResourceLoader org.apache.velocity.runtime.resource.loader.ClasspathResourceLoader: ClasspathResourceLoader Error: cannot find resource VM_global_library.vm
2022-07-01 11:26:11,643 - Velocimacro : Default library not found.
2022-07-01 11:26:11,643 - Velocimacro : allowInline = true : VMs can be defined inline in templates
2022-07-01 11:26:11,643 - Velocimacro : allowInlineToOverride = false : VMs defined inline may NOT replace previous VM definitions
2022-07-01 11:26:11,643 - Velocimacro : allowInlineLocal = false : VMs defined inline will be global in scope if allowed.
2022-07-01 11:26:11,643 - Velocimacro : autoload off : VM system will not automatically reload global library macros
2022-07-01 11:26:11,662 - ResourceManager : found /templates/entity.java.vm with loader org.apache.velocity.runtime.resource.loader.ClasspathResourceLoader
2022-07-01 11:26:11,669 - Left side (${versionFieldName}) of '==' operation has null value. If it is a reference, it may not be in the context or its toString() returned null. /templates/entity.java.vm[line 90, column 26]
2022-07-01 11:26:11,669 - Left side (${logicDeleteFieldName}) of '==' operation has null value. If it is a reference, it may not be in the context or its toString() returned null. /templates/entity.java.vm[line 94, column 30]
2022-07-01 11:26:11,670 - Left side (${versionFieldName}) of '==' operation has null value. If it is a reference, it may not be in the context or its toString() returned null. /templates/entity.java.vm[line 90, column 26]
2022-07-01 11:26:11,670 - Left side (${logicDeleteFieldName}) of '==' operation has null value. If it is a reference, it may not be in the context or its toString() returned null. /templates/entity.java.vm[line 94, column 30]
2022-07-01 11:26:11,670 - Left side (${versionFieldName}) of '==' operation has null value. If it is a reference, it may not be in the context or its toString() returned null. /templates/entity.java.vm[line 90, column 26]
2022-07-01 11:26:11,670 - Left side (${logicDeleteFieldName}) of '==' operation has null value. If it is a reference, it may not be in the context or its toString() returned null. /templates/entity.java.vm[line 94, column 30]
2022-07-01 11:26:11,670 - Left side (${versionFieldName}) of '==' operation has null value. If it is a reference, it may not be in the context or its toString() returned null. /templates/entity.java.vm[line 90, column 26]
2022-07-01 11:26:11,670 - Left side (${logicDeleteFieldName}) of '==' operation has null value. If it is a reference, it may not be in the context or its toString() returned null. /templates/entity.java.vm[line 94, column 30]
2022-07-01 11:26:11,670 - Left side (${versionFieldName}) of '==' operation has null value. If it is a reference, it may not be in the context or its toString() returned null. /templates/entity.java.vm[line 90, column 26]
2022-07-01 11:26:11,670 - Left side (${logicDeleteFieldName}) of '==' operation has null value. If it is a reference, it may not be in the context or its toString() returned null. /templates/entity.java.vm[line 94, column 30]
2022-07-01 11:26:11,672 - ResourceManager : found /templates/mapper.java.vm with loader org.apache.velocity.runtime.resource.loader.ClasspathResourceLoader
2022-07-01 11:26:11,674 - ResourceManager : found /templates/mapper.xml.vm with loader org.apache.velocity.runtime.resource.loader.ClasspathResourceLoader
2022-07-01 11:26:11,676 - ResourceManager : found /templates/service.java.vm with loader org.apache.velocity.runtime.resource.loader.ClasspathResourceLoader
2022-07-01 11:26:11,678 - ResourceManager : found /templates/serviceImpl.java.vm with loader org.apache.velocity.runtime.resource.loader.ClasspathResourceLoader
2022-07-01 11:26:11,680 - ResourceManager : found /templates/controller.java.vm with loader org.apache.velocity.runtime.resource.loader.ClasspathResourceLoader
2022-07-01 18:25:11,161 - Log4JLogChute initialized using file 'velocity.log'
2022-07-01 18:25:11,172 - Initializing Velocity, Calling init()...
2022-07-01 18:25:11,172 - Starting Apache Velocity v1.7 (compiled: 2010-11-19 12:14:37)
2022-07-01 18:25:11,172 - Default Properties File: org\apache\velocity\runtime\defaults\velocity.properties
2022-07-01 18:25:11,172 - Trying to use logger class org.apache.velocity.runtime.log.AvalonLogChute
2022-07-01 18:25:11,172 - Target log system for org.apache.velocity.runtime.log.AvalonLogChute is not available (java.lang.NoClassDefFoundError: org/apache/log/format/Formatter).  Falling back to next log system...
2022-07-01 18:25:11,172 - Trying to use logger class org.apache.velocity.runtime.log.Log4JLogChute
2022-07-01 18:25:11,172 - Using logger class org.apache.velocity.runtime.log.Log4JLogChute
2022-07-01 18:25:11,176 - ResourceLoader instantiated: org.apache.velocity.runtime.resource.loader.ClasspathResourceLoader
2022-07-01 18:25:11,251 - ResourceCache: initialized (class org.apache.velocity.runtime.resource.ResourceCacheImpl) with class java.util.Collections$SynchronizedMap cache map.
2022-07-01 18:25:11,252 - Loaded System Directive: org.apache.velocity.runtime.directive.Stop
2022-07-01 18:25:11,253 - Loaded System Directive: org.apache.velocity.runtime.directive.Define
2022-07-01 18:25:11,253 - Loaded System Directive: org.apache.velocity.runtime.directive.Break
2022-07-01 18:25:11,254 - Loaded System Directive: org.apache.velocity.runtime.directive.Evaluate
2022-07-01 18:25:11,254 - Loaded System Directive: org.apache.velocity.runtime.directive.Literal
2022-07-01 18:25:11,255 - Loaded System Directive: org.apache.velocity.runtime.directive.Macro
2022-07-01 18:25:11,256 - Loaded System Directive: org.apache.velocity.runtime.directive.Parse
2022-07-01 18:25:11,257 - Loaded System Directive: org.apache.velocity.runtime.directive.Include
2022-07-01 18:25:11,257 - Loaded System Directive: org.apache.velocity.runtime.directive.Foreach
2022-07-01 18:25:11,279 - Created '20' parsers.
2022-07-01 18:25:11,283 - Velocimacro : "velocimacro.library" is not set.  Trying default library: VM_global_library.vm
2022-07-01 18:25:11,284 - Could not load resource 'VM_global_library.vm' from ResourceLoader org.apache.velocity.runtime.resource.loader.ClasspathResourceLoader: ClasspathResourceLoader Error: cannot find resource VM_global_library.vm
2022-07-01 18:25:11,284 - Velocimacro : Default library not found.
2022-07-01 18:25:11,284 - Velocimacro : allowInline = true : VMs can be defined inline in templates
2022-07-01 18:25:11,284 - Velocimacro : allowInlineToOverride = false : VMs defined inline may NOT replace previous VM definitions
2022-07-01 18:25:11,284 - Velocimacro : allowInlineLocal = false : VMs defined inline will be global in scope if allowed.
2022-07-01 18:25:11,284 - Velocimacro : autoload off : VM system will not automatically reload global library macros
2022-07-01 18:25:11,305 - ResourceManager : found /templates/entity.java.vm with loader org.apache.velocity.runtime.resource.loader.ClasspathResourceLoader
2022-07-01 18:25:11,314 - Left side (${versionFieldName}) of '==' operation has null value. If it is a reference, it may not be in the context or its toString() returned null. /templates/entity.java.vm[line 90, column 26]
2022-07-01 18:25:11,314 - Left side (${logicDeleteFieldName}) of '==' operation has null value. If it is a reference, it may not be in the context or its toString() returned null. /templates/entity.java.vm[line 94, column 30]
2022-07-01 18:25:11,314 - Left side (${versionFieldName}) of '==' operation has null value. If it is a reference, it may not be in the context or its toString() returned null. /templates/entity.java.vm[line 90, column 26]
2022-07-01 18:25:11,314 - Left side (${logicDeleteFieldName}) of '==' operation has null value. If it is a reference, it may not be in the context or its toString() returned null. /templates/entity.java.vm[line 94, column 30]
2022-07-01 18:25:11,315 - Left side (${versionFieldName}) of '==' operation has null value. If it is a reference, it may not be in the context or its toString() returned null. /templates/entity.java.vm[line 90, column 26]
2022-07-01 18:25:11,315 - Left side (${logicDeleteFieldName}) of '==' operation has null value. If it is a reference, it may not be in the context or its toString() returned null. /templates/entity.java.vm[line 94, column 30]
2022-07-01 18:25:11,315 - Left side (${versionFieldName}) of '==' operation has null value. If it is a reference, it may not be in the context or its toString() returned null. /templates/entity.java.vm[line 90, column 26]
2022-07-01 18:25:11,315 - Left side (${logicDeleteFieldName}) of '==' operation has null value. If it is a reference, it may not be in the context or its toString() returned null. /templates/entity.java.vm[line 94, column 30]
2022-07-01 18:25:11,315 - Left side (${versionFieldName}) of '==' operation has null value. If it is a reference, it may not be in the context or its toString() returned null. /templates/entity.java.vm[line 90, column 26]
2022-07-01 18:25:11,315 - Left side (${logicDeleteFieldName}) of '==' operation has null value. If it is a reference, it may not be in the context or its toString() returned null. /templates/entity.java.vm[line 94, column 30]
2022-07-01 18:25:11,330 - ResourceManager : found /templates/mapper.java.vm with loader org.apache.velocity.runtime.resource.loader.ClasspathResourceLoader
2022-07-01 18:25:11,334 - ResourceManager : found /templates/mapper.xml.vm with loader org.apache.velocity.runtime.resource.loader.ClasspathResourceLoader
2022-07-01 18:25:11,337 - ResourceManager : found /templates/service.java.vm with loader org.apache.velocity.runtime.resource.loader.ClasspathResourceLoader
2022-07-01 18:25:11,339 - ResourceManager : found /templates/serviceImpl.java.vm with loader org.apache.velocity.runtime.resource.loader.ClasspathResourceLoader
2022-07-01 18:25:11,341 - ResourceManager : found /templates/controller.java.vm with loader org.apache.velocity.runtime.resource.loader.ClasspathResourceLoader
2022-07-01 18:25:11,347 - ResourceManager : found /templates/entity.java.vm with loader org.apache.velocity.runtime.resource.loader.ClasspathResourceLoader
2022-07-01 18:25:11,349 - Left side (${versionFieldName}) of '==' operation has null value. If it is a reference, it may not be in the context or its toString() returned null. /templates/entity.java.vm[line 90, column 26]
2022-07-01 18:25:11,349 - Left side (${logicDeleteFieldName}) of '==' operation has null value. If it is a reference, it may not be in the context or its toString() returned null. /templates/entity.java.vm[line 94, column 30]
2022-07-01 18:25:11,349 - Left side (${versionFieldName}) of '==' operation has null value. If it is a reference, it may not be in the context or its toString() returned null. /templates/entity.java.vm[line 90, column 26]
2022-07-01 18:25:11,349 - Left side (${logicDeleteFieldName}) of '==' operation has null value. If it is a reference, it may not be in the context or its toString() returned null. /templates/entity.java.vm[line 94, column 30]
2022-07-01 18:25:11,351 - Left side (${versionFieldName}) of '==' operation has null value. If it is a reference, it may not be in the context or its toString() returned null. /templates/entity.java.vm[line 90, column 26]
2022-07-01 18:25:11,351 - Left side (${logicDeleteFieldName}) of '==' operation has null value. If it is a reference, it may not be in the context or its toString() returned null. /templates/entity.java.vm[line 94, column 30]
2022-07-01 18:25:11,351 - Left side (${versionFieldName}) of '==' operation has null value. If it is a reference, it may not be in the context or its toString() returned null. /templates/entity.java.vm[line 90, column 26]
2022-07-01 18:25:11,352 - Left side (${logicDeleteFieldName}) of '==' operation has null value. If it is a reference, it may not be in the context or its toString() returned null. /templates/entity.java.vm[line 94, column 30]
2022-07-01 18:25:11,352 - Left side (${versionFieldName}) of '==' operation has null value. If it is a reference, it may not be in the context or its toString() returned null. /templates/entity.java.vm[line 90, column 26]
2022-07-01 18:25:11,352 - Left side (${logicDeleteFieldName}) of '==' operation has null value. If it is a reference, it may not be in the context or its toString() returned null. /templates/entity.java.vm[line 94, column 30]
2022-07-01 18:25:11,352 - Left side (${versionFieldName}) of '==' operation has null value. If it is a reference, it may not be in the context or its toString() returned null. /templates/entity.java.vm[line 90, column 26]
2022-07-01 18:25:11,352 - Left side (${logicDeleteFieldName}) of '==' operation has null value. If it is a reference, it may not be in the context or its toString() returned null. /templates/entity.java.vm[line 94, column 30]
2022-07-01 18:25:11,353 - ResourceManager : found /templates/mapper.java.vm with loader org.apache.velocity.runtime.resource.loader.ClasspathResourceLoader
2022-07-01 18:25:11,355 - ResourceManager : found /templates/mapper.xml.vm with loader org.apache.velocity.runtime.resource.loader.ClasspathResourceLoader
2022-07-01 18:25:11,357 - ResourceManager : found /templates/service.java.vm with loader org.apache.velocity.runtime.resource.loader.ClasspathResourceLoader
2022-07-01 18:25:11,359 - ResourceManager : found /templates/serviceImpl.java.vm with loader org.apache.velocity.runtime.resource.loader.ClasspathResourceLoader
2022-07-01 18:25:11,361 - ResourceManager : found /templates/controller.java.vm with loader org.apache.velocity.runtime.resource.loader.ClasspathResourceLoader
2022-07-03 09:29:08,996 - Log4JLogChute initialized using file 'velocity.log'
2022-07-03 09:29:09,018 - Initializing Velocity, Calling init()...
2022-07-03 09:29:09,018 - Starting Apache Velocity v1.7 (compiled: 2010-11-19 12:14:37)
2022-07-03 09:29:09,018 - Default Properties File: org\apache\velocity\runtime\defaults\velocity.properties
2022-07-03 09:29:09,018 - Trying to use logger class org.apache.velocity.runtime.log.AvalonLogChute
2022-07-03 09:29:09,018 - Target log system for org.apache.velocity.runtime.log.AvalonLogChute is not available (java.lang.NoClassDefFoundError: org/apache/log/format/Formatter).  Falling back to next log system...
2022-07-03 09:29:09,018 - Trying to use logger class org.apache.velocity.runtime.log.Log4JLogChute
2022-07-03 09:29:09,018 - Using logger class org.apache.velocity.runtime.log.Log4JLogChute
2022-07-03 09:29:09,022 - ResourceLoader instantiated: org.apache.velocity.runtime.resource.loader.ClasspathResourceLoader
2022-07-03 09:29:09,070 - ResourceCache: initialized (class org.apache.velocity.runtime.resource.ResourceCacheImpl) with class java.util.Collections$SynchronizedMap cache map.
2022-07-03 09:29:09,071 - Loaded System Directive: org.apache.velocity.runtime.directive.Stop
2022-07-03 09:29:09,072 - Loaded System Directive: org.apache.velocity.runtime.directive.Define
2022-07-03 09:29:09,073 - Loaded System Directive: org.apache.velocity.runtime.directive.Break
2022-07-03 09:29:09,074 - Loaded System Directive: org.apache.velocity.runtime.directive.Evaluate
2022-07-03 09:29:09,074 - Loaded System Directive: org.apache.velocity.runtime.directive.Literal
2022-07-03 09:29:09,075 - Loaded System Directive: org.apache.velocity.runtime.directive.Macro
2022-07-03 09:29:09,075 - Loaded System Directive: org.apache.velocity.runtime.directive.Parse
2022-07-03 09:29:09,076 - Loaded System Directive: org.apache.velocity.runtime.directive.Include
2022-07-03 09:29:09,077 - Loaded System Directive: org.apache.velocity.runtime.directive.Foreach
2022-07-03 09:29:09,121 - Created '20' parsers.
2022-07-03 09:29:09,126 - Velocimacro : "velocimacro.library" is not set.  Trying default library: VM_global_library.vm
2022-07-03 09:29:09,126 - Could not load resource 'VM_global_library.vm' from ResourceLoader org.apache.velocity.runtime.resource.loader.ClasspathResourceLoader: ClasspathResourceLoader Error: cannot find resource VM_global_library.vm
2022-07-03 09:29:09,126 - Velocimacro : Default library not found.
2022-07-03 09:29:09,126 - Velocimacro : allowInline = true : VMs can be defined inline in templates
2022-07-03 09:29:09,126 - Velocimacro : allowInlineToOverride = false : VMs defined inline may NOT replace previous VM definitions
2022-07-03 09:29:09,126 - Velocimacro : allowInlineLocal = false : VMs defined inline will be global in scope if allowed.
2022-07-03 09:29:09,126 - Velocimacro : autoload off : VM system will not automatically reload global library macros
2022-07-03 09:29:09,147 - ResourceManager : found /templates/entity.java.vm with loader org.apache.velocity.runtime.resource.loader.ClasspathResourceLoader
2022-07-03 09:29:09,155 - Left side (${versionFieldName}) of '==' operation has null value. If it is a reference, it may not be in the context or its toString() returned null. /templates/entity.java.vm[line 90, column 26]
2022-07-03 09:29:09,155 - Left side (${logicDeleteFieldName}) of '==' operation has null value. If it is a reference, it may not be in the context or its toString() returned null. /templates/entity.java.vm[line 94, column 30]
2022-07-03 09:29:09,155 - Left side (${versionFieldName}) of '==' operation has null value. If it is a reference, it may not be in the context or its toString() returned null. /templates/entity.java.vm[line 90, column 26]
2022-07-03 09:29:09,155 - Left side (${logicDeleteFieldName}) of '==' operation has null value. If it is a reference, it may not be in the context or its toString() returned null. /templates/entity.java.vm[line 94, column 30]
2022-07-03 09:29:09,156 - Left side (${versionFieldName}) of '==' operation has null value. If it is a reference, it may not be in the context or its toString() returned null. /templates/entity.java.vm[line 90, column 26]
2022-07-03 09:29:09,156 - Left side (${logicDeleteFieldName}) of '==' operation has null value. If it is a reference, it may not be in the context or its toString() returned null. /templates/entity.java.vm[line 94, column 30]
2022-07-03 09:29:09,156 - Left side (${versionFieldName}) of '==' operation has null value. If it is a reference, it may not be in the context or its toString() returned null. /templates/entity.java.vm[line 90, column 26]
2022-07-03 09:29:09,156 - Left side (${logicDeleteFieldName}) of '==' operation has null value. If it is a reference, it may not be in the context or its toString() returned null. /templates/entity.java.vm[line 94, column 30]
2022-07-03 09:29:09,156 - Left side (${versionFieldName}) of '==' operation has null value. If it is a reference, it may not be in the context or its toString() returned null. /templates/entity.java.vm[line 90, column 26]
2022-07-03 09:29:09,156 - Left side (${logicDeleteFieldName}) of '==' operation has null value. If it is a reference, it may not be in the context or its toString() returned null. /templates/entity.java.vm[line 94, column 30]
2022-07-03 09:29:09,158 - ResourceManager : found /templates/mapper.java.vm with loader org.apache.velocity.runtime.resource.loader.ClasspathResourceLoader
2022-07-03 09:29:09,160 - ResourceManager : found /templates/mapper.xml.vm with loader org.apache.velocity.runtime.resource.loader.ClasspathResourceLoader
2022-07-03 09:29:09,162 - ResourceManager : found /templates/service.java.vm with loader org.apache.velocity.runtime.resource.loader.ClasspathResourceLoader
2022-07-03 09:29:09,164 - ResourceManager : found /templates/serviceImpl.java.vm with loader org.apache.velocity.runtime.resource.loader.ClasspathResourceLoader
2022-07-03 09:29:09,166 - ResourceManager : found /templates/controller.java.vm with loader org.apache.velocity.runtime.resource.loader.ClasspathResourceLoader
